"../../../Engine/Content/EditorBlueprintResources/StandardMacros.uasset" 0
"../../../Engine/Content/Functions/Engine_MaterialFunctions02/Math/Pi.uasset" 1
"../../../Engine/Content/Functions/Engine_MaterialFunctions02/Math/TimeWithSpeedVariable.uasset" 2
"../../../Engine/Content/Functions/Engine_MaterialFunctions02/Texturing/CustomRotator.uasset" 3
"../../../Engine/Content/Functions/Engine_MaterialFunctions02/Utility/BreakOutFloat4Components.uasset" 4
"../../../Engine/Content/Functions/Engine_MaterialFunctions02/Utility/MakeFloat3.uasset" 5
"D:/Documents/HaulAway/ProtoPhase3/HaulAway_0_4_1/Content/Ocean/Materials/MPC_Ocean.uasset" 6
"D:/Documents/HaulAway/ProtoPhase3/HaulAway_0_4_1/Content/Ocean/Materials/MF_Gerstner_Wave.uasset" 7
"D:/Documents/HaulAway/ProtoPhase3/HaulAway_0_4_1/Content/Ocean/Materials/MF_Gerstner_Wave_Set.uasset" 8
"../../../Engine/Content/Engine_MI_Shaders/T_Base_Tile_Normal.uasset" 9
"D:/Documents/HaulAway/ProtoPhase3/HaulAway_0_4_1/Content/Ocean/Materials/Motion_4WayChaos_NormalShared.uasset" 10
"../../../Engine/Content/EngineMaterials/T_Default_MacroVariation.uasset" 11
"D:/Documents/HaulAway/ProtoPhase3/HaulAway_0_4_1/Content/Ocean/Materials/Motion_4WayChaosShared.uasset" 12
"D:/Documents/HaulAway/ProtoPhase3/HaulAway_0_4_1/Content/Ocean/Materials/SSS.uasset" 13
"../../../Engine/Content/MapTemplates/Sky/Desert_Outer_HDR.uasset" 14
"D:/Documents/HaulAway/ProtoPhase3/HaulAway_0_4_1/Content/Ocean/Textures/T_Foam_D.uasset" 15
"D:/Documents/HaulAway/ProtoPhase3/HaulAway_0_4_1/Content/Ocean/Textures/T_Foam_normal.uasset" 16
"D:/Documents/HaulAway/ProtoPhase3/HaulAway_0_4_1/Content/Ocean/Textures/T_Foam_roughness.uasset" 17
"D:/Documents/HaulAway/ProtoPhase3/HaulAway_0_4_1/Content/Ocean/Textures/T_LargeWaves_H.uasset" 18
"D:/Documents/HaulAway/ProtoPhase3/HaulAway_0_4_1/Content/Ocean/Textures/T_Perlin_Noise_M.uasset" 19
"D:/Documents/HaulAway/ProtoPhase3/HaulAway_0_4_1/Content/Ocean/Textures/T_Seafoam_01.uasset" 20
"D:/Documents/HaulAway/ProtoPhase3/HaulAway_0_4_1/Content/Ocean/Materials/M_Ocean_Versions/M_Ocean.uasset" 21
"../../../Engine/Content/Functions/Engine_MaterialFunctions01/Gradient/LinearGradient.uasset" 22
"../../../Engine/Content/Functions/Engine_MaterialFunctions01/ImageAdjustment/3ColorBlend.uasset" 23
"../../../Engine/Content/Functions/Engine_MaterialFunctions02/Gradients/SmoothCurve.uasset" 24
"../../../Engine/Content/Functions/Engine_MaterialFunctions02/Lerp_Multiple_Float3.uasset" 25
"../../../Engine/Content/Functions/Engine_MaterialFunctions02/Utility/BreakOutFloat3Components.uasset" 26
"../../../Engine/Content/Functions/Engine_MaterialFunctions02/Utility/VectorLength.uasset" 27
"../../../Engine/Content/EngineMaterials/BlendFunc_DefBase.uasset" 28
"../../../Engine/Content/EngineMaterials/BlendFunc_DefBlend.uasset" 29
"../../../Engine/Content/Functions/Engine_MaterialFunctions03/Blends/Blend_Lighten.uasset" 30
"D:/Documents/HaulAway/ProtoPhase3/HaulAway_0_4_1/Content/Ocean/Materials/MF_OceanSSS.uasset" 31
"D:/Documents/HaulAway/ProtoPhase3/HaulAway_0_4_1/Content/Ocean/Materials/MF_Panner.uasset" 32
"D:/Documents/HaulAway/ProtoPhase3/HaulAway_0_4_1/Content/Ocean/Textures/T_LargeWaves_N.uasset" 33
"D:/Documents/HaulAway/ProtoPhase3/HaulAway_0_4_1/Content/Ocean/Textures/T_OceanFoam02_normal.uasset" 34
"D:/Documents/HaulAway/ProtoPhase3/HaulAway_0_4_1/Content/Ocean/Textures/T_OceanFoam02_Rotated_normal.uasset" 35
"D:/Documents/HaulAway/ProtoPhase3/HaulAway_0_4_1/Content/Ocean/Textures/T_OceanFoam_01.uasset" 36
"D:/Documents/HaulAway/ProtoPhase3/HaulAway_0_4_1/Content/Ocean/Textures/T_OceanFoam_M.uasset" 37
"D:/Documents/HaulAway/ProtoPhase3/HaulAway_0_4_1/Content/Ocean/Textures/T_Sky_Non_HDRI.uasset" 38
"D:/Documents/HaulAway/ProtoPhase3/HaulAway_0_4_1/Content/Ocean/Textures/T_Water_N.uasset" 39
"D:/Documents/HaulAway/ProtoPhase3/HaulAway_0_4_1/Content/Ocean/Materials/M_Ocean_Versions/M_Ocean_Old.uasset" 40
"D:/Documents/HaulAway/ProtoPhase3/HaulAway_0_4_1/Content/Ocean/Materials/M_Ocean_Versions/M_Ocean_SSR.uasset" 41
"D:/Documents/HaulAway/ProtoPhase3/HaulAway_0_4_1/Content/Ocean/Materials/MF_HeightModulation.uasset" 42
"D:/Documents/HaulAway/ProtoPhase3/HaulAway_0_4_1/Content/Ocean/Materials/M_Ocean_Versions/M_Ocean_Depth.uasset" 43
"D:/Documents/HaulAway/ProtoPhase3/HaulAway_0_4_1/Content/Ocean/Materials/M_Ocean_Versions/M_Inst_Ocean_Depth.uasset" 44
"D:/Documents/HaulAway/ProtoPhase3/HaulAway_0_4_1/Content/Ocean/Materials/M_Ocean_Versions/M_Inst_Ocean_Depth_Nogerstner.uasset" 45
"D:/Documents/HaulAway/ProtoPhase3/HaulAway_0_4_1/Content/Ocean/Materials/M_Ocean_Versions/M_Inst_Ocean_Depth_Ultra.uasset" 46
"D:/Documents/HaulAway/ProtoPhase3/HaulAway_0_4_1/Content/Ocean/Materials/M_Ocean_Versions/M_Inst_Ocean_Foam.uasset" 47
"D:/Documents/HaulAway/ProtoPhase3/HaulAway_0_4_1/Content/Ocean/Materials/M_Ocean_Versions/M_Inst_Ocean_Foam_Cubemap.uasset" 48
"D:/Documents/HaulAway/ProtoPhase3/HaulAway_0_4_1/Content/Ocean/Materials/M_Ocean_Versions/M_Inst_Ocean_Nogerstner.uasset" 49
"D:/Documents/HaulAway/ProtoPhase3/HaulAway_0_4_1/Content/Ocean/Materials/M_Ocean_Versions/M_Inst_Ocean_SSR_Foam.uasset" 50
"D:/Documents/HaulAway/ProtoPhase3/HaulAway_0_4_1/Content/Ocean/Materials/M_Ocean_Versions/M_Inst_Ocean_SSR_Foam_Cubemap.uasset" 51
"D:/Documents/HaulAway/ProtoPhase3/HaulAway_0_4_1/Content/Ocean/Materials/M_Ocean_Versions/M_Inst_Ocean_SSR_Nogerstner.uasset" 52
"../../../Engine/Content/Functions/Engine_MaterialFunctions01/Texturing/FlattenNormal.uasset" 53
"../../../Engine/Content/Functions/Engine_MaterialFunctions03/ComplexMotion/Motion_4WayChaos_Normal.uasset" 54
"../../../Engine/Content/Functions/Engine_MaterialFunctions03/Texturing/TwoSidedTexturing.uasset" 55
"D:/Documents/HaulAway/ProtoPhase3/HaulAway_0_4_1/Content/Ocean/Materials/M_Ocean_Versions/M_Ocean_Ultra.uasset" 56
"D:/Documents/HaulAway/ProtoPhase3/HaulAway_0_4_1/Content/Ocean/Materials/M_Ocean_Versions/M_Inst_Ocean_Ultra.uasset" 57
"../../../Engine/Content/Functions/Engine_MaterialFunctions01/Opacity/CameraDepthFade.uasset" 58
"../../../Engine/Content/EngineMaterials/T_Default_Material_Grid_M.uasset" 59
"../../../Engine/Content/EngineMaterials/T_Default_Material_Grid_N.uasset" 60
"../../../Engine/Content/EngineMaterials/WorldGridMaterial.uasset" 61
"D:/Documents/HaulAway/ProtoPhase3/HaulAway_0_4_1/Content/Ocean/Meshes/SM_OceanTop.uasset" 62
"D:/Documents/HaulAway/ProtoPhase3/HaulAway_0_4_1/Content/Ocean/Meshes/SM_UnderWater2.uasset" 63
"D:/Documents/HaulAway/ProtoPhase3/HaulAway_0_4_1/Content/Ocean/OceanShaderEnum.uasset" 64
"D:/Documents/HaulAway/ProtoPhase3/HaulAway_0_4_1/Content/Ocean/Textures/WaveIcon.uasset" 65
"D:/Documents/HaulAway/ProtoPhase3/HaulAway_0_4_1/Content/Ocean/BP_Ocean.uasset" 66
"D:/Documents/HaulAway/ProtoPhase3/HaulAway_0_4_1/Content/Ocean/Textures/Foam.uasset" 67
"D:/Documents/HaulAway/ProtoPhase3/HaulAway_0_4_1/Content/Ocean/FoamWakes/M_Wake.uasset" 68
"D:/Documents/HaulAway/ProtoPhase3/HaulAway_0_4_1/Content/Ocean/Meshes/SM_SplinePlaneMesh.uasset" 69
"D:/Documents/HaulAway/ProtoPhase3/HaulAway_0_4_1/Content/Ocean/FoamWakes/BP_Wake.uasset" 70
"D:/Documents/HaulAway/ProtoPhase3/HaulAway_0_4_1/Content/HaulAway/AI/Materials/M_Hull.uasset" 71
"D:/Documents/HaulAway/ProtoPhase3/HaulAway_0_4_1/Content/HaulAway/Player/Sunset/Materials/M_Yard.uasset" 72
"../../../Engine/Content/Functions/Engine_MaterialFunctions03/Procedurals/PerturbNormalHQ.uasset" 73
"../../../Engine/Content/Functions/Engine_MaterialFunctions03/Procedurals/PreparePerturbNormalHQ.uasset" 74
"D:/Documents/HaulAway/ProtoPhase3/HaulAway_0_4_1/Content/HaulAway/Player/Sunset/Materials/T_SailDetailed.uasset" 75
"D:/Documents/HaulAway/ProtoPhase3/HaulAway_0_4_1/Content/HaulAway/Player/Sunset/Materials/M_SailFade.uasset" 76
"D:/Documents/HaulAway/ProtoPhase3/HaulAway_0_4_1/Content/HaulAway/Player/Sunset/Materials/MI_Sail.uasset" 77
"D:/Documents/HaulAway/ProtoPhase3/HaulAway_0_4_1/Content/HaulAway/Player/Sunset/Materials/M_Yardfade.uasset" 78
"D:/Documents/HaulAway/ProtoPhase3/HaulAway_0_4_1/Content/HaulAway/Player/Sunset/Materials/MI_YardFade.uasset" 79
"D:/Documents/HaulAway/ProtoPhase3/HaulAway_0_4_1/Content/HaulAway/AI/Meshes/SM_PivotCannon.uasset" 80
"D:/Documents/HaulAway/ProtoPhase3/HaulAway_0_4_1/Content/HaulAway/Player/Sunset/Meshes/SM_Mast.uasset" 81
"D:/Documents/HaulAway/ProtoPhase3/HaulAway_0_4_1/Content/HaulAway/Player/Sunset/Meshes/SM_Sail.uasset" 82
"D:/Documents/HaulAway/ProtoPhase3/HaulAway_0_4_1/Content/HaulAway/Player/Sunset/Meshes/SM_Sunset.uasset" 83
"D:/Documents/HaulAway/ProtoPhase3/HaulAway_0_4_1/Content/HaulAway/Player/Sunset/Meshes/SM_YardDown.uasset" 84
"D:/Documents/HaulAway/ProtoPhase3/HaulAway_0_4_1/Content/HaulAway/Player/Sunset/Meshes/SM_YardUp.uasset" 85
"D:/Documents/HaulAway/ProtoPhase3/HaulAway_0_4_1/Content/HaulAway/AI/BP_Pirate.uasset" 86
"D:/Documents/HaulAway/ProtoPhase3/HaulAway_0_4_1/Content/HaulAway/AI/Materials/M_Metal.uasset" 87
"D:/Documents/HaulAway/ProtoPhase3/HaulAway_0_4_1/Content/HaulAway/Decor/M_WoodPonton.uasset" 88
"D:/Documents/HaulAway/ProtoPhase3/HaulAway_0_4_1/Content/HaulAway/Decor/Blueprints/BP_Wind.uasset" 89
"D:/Documents/HaulAway/ProtoPhase3/HaulAway_0_4_1/Content/HaulAway/Player/Sunset/BP_CameraControl.uasset" 90
"D:/Documents/HaulAway/ProtoPhase3/HaulAway_0_4_1/Content/HaulAway/Player/Sunset/Struct_ModuleInfo.uasset" 91
"../../../Engine/Content/Functions/Engine_MaterialFunctions02/Utility/MakeFloat2.uasset" 92
"D:/Documents/HaulAway/ProtoPhase3/HaulAway_0_4_1/Content/HaulAway/UserInterface/Images/T_ModulesIconSheet.uasset" 93
"D:/Documents/HaulAway/ProtoPhase3/HaulAway_0_4_1/Content/HaulAway/UserInterface/M_FlipbookModule.uasset" 94
"D:/Documents/HaulAway/ProtoPhase3/HaulAway_0_4_1/Content/HaulAway/UserInterface/Images/T_ModulesIconBack.uasset" 95
"D:/Documents/HaulAway/ProtoPhase3/HaulAway_0_4_1/Content/HaulAway/UserInterface/W_ShipComponentUI.uasset" 96
"D:/Documents/HaulAway/ProtoPhase3/HaulAway_0_4_1/Content/HaulAway/Player/Sunset/BP_BaseModule.uasset" 97
"D:/Documents/HaulAway/ProtoPhase3/HaulAway_0_4_1/Content/HaulAway/Sounds/SailFullSpeed.uasset" 98
"D:/Documents/HaulAway/ProtoPhase3/HaulAway_0_4_1/Content/HaulAway/Player/Sunset/BP_Sail.uasset" 99
"D:/Documents/HaulAway/ProtoPhase3/HaulAway_0_4_1/Content/HaulAway/Sounds/SailHauledDown.uasset" 100
"D:/Documents/HaulAway/ProtoPhase3/HaulAway_0_4_1/Content/HaulAway/Sounds/SailHoisted.uasset" 101
"D:/Documents/HaulAway/ProtoPhase3/HaulAway_0_4_1/Content/HaulAway/Player/Sunset/BP_Yarn.uasset" 102
"../../../Engine/Content/BasicShapes/BasicShapeMaterial.uasset" 103
"../../../Engine/Content/BasicShapes/Cube.uasset" 104
"D:/Documents/HaulAway/ProtoPhase3/HaulAway_0_4_1/Content/HaulAway/Player/Sunset/Meshes/SM_ShipRope.uasset" 105
"D:/Documents/HaulAway/ProtoPhase3/HaulAway_0_4_1/Content/HaulAway/Player/Sunset/BP_Mast.uasset" 106
"D:/Documents/HaulAway/ProtoPhase3/HaulAway_0_4_1/Content/HaulAway/Player/Sunset/BP_PlayerCannon.uasset" 107
"D:/Documents/HaulAway/ProtoPhase3/HaulAway_0_4_1/Content/HaulAway/Player/Sunset/Materials/EmptySquare.uasset" 108
"D:/Documents/HaulAway/ProtoPhase3/HaulAway_0_4_1/Content/HaulAway/Player/Sunset/Materials/M_Selectable.uasset" 109
"D:/Documents/HaulAway/ProtoPhase3/HaulAway_0_4_1/Content/HaulAway/Player/Sunset/Materials/MI_Selectable.uasset" 110
"D:/Documents/HaulAway/ProtoPhase3/HaulAway_0_4_1/Content/HaulAway/Player/Sunset/Materials/MI_Woodfade.uasset" 111
"D:/Documents/HaulAway/ProtoPhase3/HaulAway_0_4_1/Content/HaulAway/Player/Sunset/Materials/T_CompassArrow.uasset" 112
"D:/Documents/HaulAway/ProtoPhase3/HaulAway_0_4_1/Content/HaulAway/Player/Sunset/Materials/M_CompassArrow.uasset" 113
"D:/Documents/HaulAway/ProtoPhase3/HaulAway_0_4_1/Content/HaulAway/Player/Sunset/Materials/M_Flag.uasset" 114
"D:/Documents/HaulAway/ProtoPhase3/HaulAway_0_4_1/Content/HaulAway/Player/Sunset/Materials/M_Sail.uasset" 115
"D:/Documents/HaulAway/ProtoPhase3/HaulAway_0_4_1/Content/HaulAway/Player/Sunset/Materials/T_SailHeightmap.uasset" 116
"D:/Documents/HaulAway/ProtoPhase3/HaulAway_0_4_1/Content/HaulAway/Player/Sunset/Materials/T_ForesailDiffuse.uasset" 117
"D:/Documents/HaulAway/ProtoPhase3/HaulAway_0_4_1/Content/HaulAway/Player/Sunset/Materials/T_ForesailHeightmap.uasset" 118
"D:/Documents/HaulAway/ProtoPhase3/HaulAway_0_4_1/Content/HaulAway/Player/Sunset/Materials/TestSails/M_foresail.uasset" 119
"D:/Documents/HaulAway/ProtoPhase3/HaulAway_0_4_1/Content/HaulAway/Player/Sunset/Materials/TestSails/MI_foresail.uasset" 120
"D:/Documents/HaulAway/ProtoPhase3/HaulAway_0_4_1/Content/HaulAway/Player/Sunset/Materials/T_MainsailheightmapSail.uasset" 121
"D:/Documents/HaulAway/ProtoPhase3/HaulAway_0_4_1/Content/HaulAway/Player/Sunset/Materials/TestSails/M_Mainsail.uasset" 122
"D:/Documents/HaulAway/ProtoPhase3/HaulAway_0_4_1/Content/HaulAway/Player/Sunset/Materials/TestSails/MI_Mainsail.uasset" 123
"D:/Documents/HaulAway/ProtoPhase3/HaulAway_0_4_1/Content/HaulAway/Player/Sunset/Meshes/SM_Flag.uasset" 124
"D:/Documents/HaulAway/ProtoPhase3/HaulAway_0_4_1/Content/HaulAway/Player/Sunset/Meshes/SM_SailAttached.uasset" 125
"D:/Documents/HaulAway/ProtoPhase3/HaulAway_0_4_1/Content/HaulAway/Player/Sunset/Meshes/SM_SailUV.uasset" 126
"D:/Documents/HaulAway/ProtoPhase3/HaulAway_0_4_1/Content/HaulAway/Player/Sunset/Meshes/SunsetLarge/SM_SunSetLarge_SM_foc.uasset" 127
"D:/Documents/HaulAway/ProtoPhase3/HaulAway_0_4_1/Content/HaulAway/Player/Sunset/Meshes/SunsetLarge/SM_SunSetLarge_SM_gouvernail.uasset" 128
"D:/Documents/HaulAway/ProtoPhase3/HaulAway_0_4_1/Content/HaulAway/Player/Sunset/Meshes/SunsetLarge/SM_SunSetLarge_SM_GV.uasset" 129
"D:/Documents/HaulAway/ProtoPhase3/HaulAway_0_4_1/Content/HaulAway/UserInterface/Images/T_CircularGradient.uasset" 130
"D:/Documents/HaulAway/ProtoPhase3/HaulAway_0_4_1/Content/HaulAway/UserInterface/Images/T_ModulesIconHoist.uasset" 131
"D:/Documents/HaulAway/ProtoPhase3/HaulAway_0_4_1/Content/HaulAway/UserInterface/Images/T_SheetFlipbookOld.uasset" 132
"D:/Documents/HaulAway/ProtoPhase3/HaulAway_0_4_1/Content/Mannequin/Character/Mesh/UE4_Mannequin_Skeleton.uasset" 133
"D:/Documents/HaulAway/ProtoPhase3/HaulAway_0_4_1/Content/Mannequin/Animations/ThirdPersonJump_End.uasset" 134
"../../../Engine/Content/EngineMaterials/DefaultMaterial.uasset" 135
"../../../Engine/Content/BasicShapes/Sphere.uasset" 136
"D:/Documents/HaulAway/ProtoPhase3/HaulAway_0_4_1/Content/Ocean/BP_BuoyantActor.uasset" 137
"../../../Engine/Content/EngineSky/C_Sky_Cloud_Color.uasset" 138
"../../../Engine/Content/EngineSky/C_Sky_Horizon_Color.uasset" 139
"../../../Engine/Content/EngineSky/C_Sky_Zenith_Color.uasset" 140
"../../../Engine/Content/EngineSky/T_Sky_Blue.uasset" 141
"../../../Engine/Content/EngineSky/T_Sky_Clouds_M.uasset" 142
"../../../Engine/Content/EngineSky/T_Sky_Stars.uasset" 143
"../../../Engine/Content/EngineSky/M_Sky_Panning_Clouds2.uasset" 144
"../../../Engine/Content/EngineSky/SM_SkySphere.uasset" 145
"../../../Engine/Content/EngineSky/BP_Sky_Sphere.uasset" 146
"D:/Documents/HaulAway/ProtoPhase3/HaulAway_0_4_1/Content/Sky/Curves/FC_Moon_Rotation.uasset" 147
"D:/Documents/HaulAway/ProtoPhase3/HaulAway_0_4_1/Content/Sky/Curves/FC_Sun_Zenith.uasset" 148
"D:/Documents/HaulAway/ProtoPhase3/HaulAway_0_4_1/Content/Sky/Curves/CC_Sky_Cloud_Color.uasset" 149
"D:/Documents/HaulAway/ProtoPhase3/HaulAway_0_4_1/Content/Sky/Curves/CC_Sky_Horizon_Color.uasset" 150
"D:/Documents/HaulAway/ProtoPhase3/HaulAway_0_4_1/Content/Sky/Curves/CC_Sky_Sun_Color.uasset" 151
"D:/Documents/HaulAway/ProtoPhase3/HaulAway_0_4_1/Content/Sky/Curves/CC_Sky_Zenith_Color.uasset" 152
"D:/Documents/HaulAway/ProtoPhase3/HaulAway_0_4_1/Content/Sky/Textures/T_Clouds02_normal.uasset" 153
"D:/Documents/HaulAway/ProtoPhase3/HaulAway_0_4_1/Content/Sky/Textures/T_Clouds03_normal.uasset" 154
"D:/Documents/HaulAway/ProtoPhase3/HaulAway_0_4_1/Content/Sky/Textures/T_Clouds_M.uasset" 155
"D:/Documents/HaulAway/ProtoPhase3/HaulAway_0_4_1/Content/Sky/Materials/M_Clouds.uasset" 156
"../../../Engine/Content/Functions/Engine_MaterialFunctions02/Fresnel_Function.uasset" 157
"../../../Engine/Content/Functions/Engine_MaterialFunctions03/Procedurals/NormalFromHeightmap.uasset" 158
"D:/Documents/HaulAway/ProtoPhase3/HaulAway_0_4_1/Content/Sky/Textures/T_Moon_AO.uasset" 159
"D:/Documents/HaulAway/ProtoPhase3/HaulAway_0_4_1/Content/Sky/Textures/T_Moon_Diffuse.uasset" 160
"D:/Documents/HaulAway/ProtoPhase3/HaulAway_0_4_1/Content/Sky/Textures/T_Moon_Height.uasset" 161
"D:/Documents/HaulAway/ProtoPhase3/HaulAway_0_4_1/Content/Sky/Materials/M_Moon.uasset" 162
"D:/Documents/HaulAway/ProtoPhase3/HaulAway_0_4_1/Content/Sky/Textures/T_MilkyWay.uasset" 163
"D:/Documents/HaulAway/ProtoPhase3/HaulAway_0_4_1/Content/Sky/Materials/M_Sky.uasset" 164
"D:/Documents/HaulAway/ProtoPhase3/HaulAway_0_4_1/Content/Sky/Meshes/Moon.uasset" 165
"D:/Documents/HaulAway/ProtoPhase3/HaulAway_0_4_1/Content/Sky/Meshes/SM_CloudSurface.uasset" 166
"D:/Documents/HaulAway/ProtoPhase3/HaulAway_0_4_1/Content/Sky/Meshes/SM_RotatorCube.uasset" 167
"D:/Documents/HaulAway/ProtoPhase3/HaulAway_0_4_1/Content/Sky/Meshes/SM_SkySphere.uasset" 168
"D:/Documents/HaulAway/ProtoPhase3/HaulAway_0_4_1/Content/Sky/Materials/M_lightning.uasset" 169
"D:/Documents/HaulAway/ProtoPhase3/HaulAway_0_4_1/Content/Sky/Meshes/SM_lightning.uasset" 170
"D:/Documents/HaulAway/ProtoPhase3/HaulAway_0_4_1/Content/Sky/ParticleFX/P_lightning_point.uasset" 171
"D:/Documents/HaulAway/ProtoPhase3/HaulAway_0_4_1/Content/Sky/Old/BP_Skydome.uasset" 172
"../../../Engine/Content/EditorResources/LightIcons/S_LightDirectional.uasset" 173
"D:/Documents/HaulAway/ProtoPhase3/HaulAway_0_4_1/Content/Ocean/BP_SunVectorUpdater.uasset" 174
"D:/Documents/HaulAway/ProtoPhase3/HaulAway_0_4_1/Content/Ocean/Materials/MF_BlendZ.uasset" 175
"D:/Documents/HaulAway/ProtoPhase3/HaulAway_0_4_1/Content/Ocean/Textures/T_Caustics.uasset" 176
"D:/Documents/HaulAway/ProtoPhase3/HaulAway_0_4_1/Content/Ocean/Textures/T_TileNoise.uasset" 177
"D:/Documents/HaulAway/ProtoPhase3/HaulAway_0_4_1/Content/Ocean/Materials/M_Caustics_LF.uasset" 178
"D:/Documents/HaulAway/ProtoPhase3/HaulAway_0_4_1/Content/Ocean/Materials/M_Caustics_LF_Inst.uasset" 179
"../../../Engine/Content/Functions/Engine_MaterialFunctions01/ImageAdjustment/BlurSampleOffsets.uasset" 180
"../../../Engine/Content/Functions/Engine_MaterialFunctions01/ImageAdjustment/CheapContrast.uasset" 181
"../../../Engine/Content/EngineDebugMaterials/HeatmapGradient.uasset" 182
"../../../Engine/Content/Functions/Engine_MaterialFunctions01/ImageAdjustment/CheapContrast_RGB.uasset" 183
"../../../Engine/Content/Functions/Engine_MaterialFunctions01/ImageAdjustment/SCurve.uasset" 184
"D:/Documents/HaulAway/ProtoPhase3/HaulAway_0_4_1/Content/Ocean/Textures/droplet-normal.uasset" 185
"D:/Documents/HaulAway/ProtoPhase3/HaulAway_0_4_1/Content/Ocean/Textures/T_TileDroplets_A.uasset" 186
"D:/Documents/HaulAway/ProtoPhase3/HaulAway_0_4_1/Content/Ocean/Textures/T_TileDroplets_N.uasset" 187
"D:/Documents/HaulAway/ProtoPhase3/HaulAway_0_4_1/Content/Ocean/Textures/T_WaterDrop_N.uasset" 188
"D:/Documents/HaulAway/ProtoPhase3/HaulAway_0_4_1/Content/Ocean/Materials/M_WetLensPP.uasset" 189
"D:/Documents/HaulAway/ProtoPhase3/HaulAway_0_4_1/Content/Ocean/Materials/M_WetLensPP_Inst.uasset" 190
"../../../Engine/Content/EditorResources/EmptyActor.uasset" 191
"D:/Documents/HaulAway/ProtoPhase3/HaulAway_0_4_1/Content/Ocean/BP_Underwater.uasset" 192
"D:/Documents/HaulAway/ProtoPhase3/HaulAway_0_4_1/Content/Ocean/E_BeaufortScale.uasset" 193
"D:/Documents/HaulAway/ProtoPhase3/HaulAway_0_4_1/Content/Ocean/Materials/MF_AngleFade.uasset" 194
"../../../Engine/Content/Functions/Engine_MaterialFunctions02/SplitComponents.uasset" 195
"D:/Documents/HaulAway/ProtoPhase3/HaulAway_0_4_1/Content/Ocean/Materials/MF_LightAbsorption.uasset" 196
"D:/Documents/HaulAway/ProtoPhase3/HaulAway_0_4_1/Content/Ocean/Materials/MF_SoftFresnel.uasset" 197
"../../../Engine/Content/Functions/Engine_MaterialFunctions01/Density/ExponentialDensity.uasset" 198
"../../../Engine/Content/Functions/Engine_MaterialFunctions01/Gradient/RadialGradientExponential.uasset" 199
"../../../Engine/Content/Functions/Engine_MaterialFunctions02/Utility/BreakOutFloat2Components.uasset" 200
"../../../Engine/Content/Functions/Engine_MaterialFunctions01/Texturing/ScaleUVsByCenter.uasset" 201
"../../../Engine/Content/Functions/Engine_MaterialFunctions02/ScreenResolution.uasset" 202
"../../../Engine/Content/Functions/Engine_MaterialFunctions02/Texturing/ScreenAlignedUVs.uasset" 203
"D:/Documents/HaulAway/ProtoPhase3/HaulAway_0_4_1/Content/Ocean/Materials/M_PP_RadialBlur.uasset" 204
"D:/Documents/HaulAway/ProtoPhase3/HaulAway_0_4_1/Content/Ocean/Materials/MI_PP_RadialBlur.uasset" 205
"D:/Documents/HaulAway/ProtoPhase3/HaulAway_0_4_1/Content/Ocean/Materials/M_UnderwaterDistortion.uasset" 206
"D:/Documents/HaulAway/ProtoPhase3/HaulAway_0_4_1/Content/Ocean/Materials/M_UnderwaterDistortion_Inst.uasset" 207
"../../../Engine/Content/Functions/Engine_MaterialFunctions02/Utility/CameraDirectionVector.uasset" 208
"D:/Documents/HaulAway/ProtoPhase3/HaulAway_0_4_1/Content/Ocean/Materials/MF_DepthToWorldPosition.uasset" 209
"D:/Documents/HaulAway/ProtoPhase3/HaulAway_0_4_1/Content/Ocean/Materials/M_Underwater_PP.uasset" 210
"D:/Documents/HaulAway/ProtoPhase3/HaulAway_0_4_1/Content/Ocean/Materials/M_Underwater_PP_Inst.uasset" 211
"../../../Engine/Content/Engine_MI_Shaders/T_Cubemap_01_tex.uasset" 212
"D:/Documents/HaulAway/ProtoPhase3/HaulAway_0_4_1/Content/Ocean/Materials/M_WaterSystem_Opaque.uasset" 213
"D:/Documents/HaulAway/ProtoPhase3/HaulAway_0_4_1/Content/Ocean/Textures/T_Ground_Grass_N.uasset" 214
"D:/Documents/HaulAway/ProtoPhase3/HaulAway_0_4_1/Content/Ocean/Materials/M_WaterTest.uasset" 215
"D:/Documents/HaulAway/ProtoPhase3/HaulAway_0_4_1/Content/Ocean/Materials/TextureUV.uasset" 216
"../../../Engine/Content/Functions/Engine_MaterialFunctions03/Blends/Blend_Exclusion.uasset" 217
"D:/Documents/HaulAway/ProtoPhase3/HaulAway_0_4_1/Content/Ocean/Textures/Water1.uasset" 218
"D:/Documents/HaulAway/ProtoPhase3/HaulAway_0_4_1/Content/Ocean/Textures/Water2.uasset" 219
"D:/Documents/HaulAway/ProtoPhase3/HaulAway_0_4_1/Content/Ocean/Textures/Water3.uasset" 220
"D:/Documents/HaulAway/ProtoPhase3/HaulAway_0_4_1/Content/Ocean/Materials/WaterLightFunction.uasset" 221
"D:/Documents/HaulAway/ProtoPhase3/HaulAway_0_4_1/Content/Ocean/Materials/M_Ocean_Versions/M_OceanStorm.uasset" 222
"../../../Engine/Content/Functions/DistanceFields/Shapes/DistanceField_Capsule.uasset" 223
"D:/Documents/HaulAway/ProtoPhase3/HaulAway_0_4_1/Content/Ocean/Materials/M_Ocean_Versions/M_Ocean_CapsuleMask.uasset" 224
"../../../Engine/Content/Functions/Engine_MaterialFunctions02/Math/AddComponents.uasset" 225
"../../../Engine/Content/Functions/Engine_MaterialFunctions02/Utility/BlendAngleCorrectedNormals.uasset" 226
"D:/Documents/HaulAway/ProtoPhase3/HaulAway_0_4_1/Content/Ocean/Textures/T_Sand_D.uasset" 227
"D:/Documents/HaulAway/ProtoPhase3/HaulAway_0_4_1/Content/Ocean/Textures/T_Sand_M.uasset" 228
"D:/Documents/HaulAway/ProtoPhase3/HaulAway_0_4_1/Content/Ocean/Textures/T_Sand_N.uasset" 229
"D:/Documents/HaulAway/ProtoPhase3/HaulAway_0_4_1/Content/Ocean/Textures/T_SandDunes_N.uasset" 230
"D:/Documents/HaulAway/ProtoPhase3/HaulAway_0_4_1/Content/Ocean/Textures/T_SandDunes_N_DISP.uasset" 231
"D:/Documents/HaulAway/ProtoPhase3/HaulAway_0_4_1/Content/Ocean/Materials/Sand/M_Sand.uasset" 232
"D:/Documents/HaulAway/ProtoPhase3/HaulAway_0_4_1/Content/Ocean/Meshes/SM_OceanPlaneFar.uasset" 233
"D:/Documents/HaulAway/ProtoPhase3/HaulAway_0_4_1/Content/Ocean/Meshes/SM_OceanPlaneFarRound.uasset" 234
"D:/Documents/HaulAway/ProtoPhase3/HaulAway_0_4_1/Content/Ocean/Meshes/SM_OceanPlane_OLD.uasset" 235
"D:/Documents/HaulAway/ProtoPhase3/HaulAway_0_4_1/Content/Ocean/Meshes/SM_UnderWater1.uasset" 236
"D:/Documents/HaulAway/ProtoPhase3/HaulAway_0_4_1/Content/Ocean/Old/WaveParameters.uasset" 237
"D:/Documents/HaulAway/ProtoPhase3/HaulAway_0_4_1/Content/Ocean/Old/WaveSet.uasset" 238
"D:/Documents/HaulAway/ProtoPhase3/HaulAway_0_4_1/Content/Ocean/Old/BP_OceanManager.uasset" 239
"D:/Documents/HaulAway/ProtoPhase3/HaulAway_0_4_1/Content/Ocean/Textures/LUT_DesaturatedFog.uasset" 240
"D:/Documents/HaulAway/ProtoPhase3/HaulAway_0_4_1/Content/Ocean/Textures/T_FullGrass_N.uasset" 241
"D:/Documents/HaulAway/ProtoPhase3/HaulAway_0_4_1/Content/Ocean/Textures/T_MediumWaves_H.uasset" 242
"D:/Documents/HaulAway/ProtoPhase3/HaulAway_0_4_1/Content/Ocean/Textures/T_MediumWaves_N.uasset" 243
"D:/Documents/HaulAway/ProtoPhase3/HaulAway_0_4_1/Content/Ocean/Textures/T_MicroWaves_N.uasset" 244
"D:/Documents/HaulAway/ProtoPhase3/HaulAway_0_4_1/Content/Ocean/Textures/T_OceanNoise.uasset" 245
"D:/Documents/HaulAway/ProtoPhase3/HaulAway_0_4_1/Content/Ocean/Textures/T_SmallWaves_N.uasset" 246
"../../../Engine/Content/EngineMeshes/Cylinder.uasset" 247
"D:/Documents/HaulAway/ProtoPhase3/HaulAway_0_4_1/Content/Sky/BP_Compass.uasset" 248
"../../../Engine/Content/Functions/Engine_MaterialFunctions01/Vectors/RotateVector.uasset" 249
"../../../Engine/Content/Functions/Engine_MaterialFunctions02/SafeNormalize.uasset" 250
"../../../Engine/Content/Functions/Engine_MaterialFunctions02/Math/CreateThirdOrthogonalVector.uasset" 251
"../../../Engine/Content/Functions/Engine_MaterialFunctions02/Math/InverseTransformMatrix.uasset" 252
"../../../Engine/Content/Functions/Engine_MaterialFunctions02/Math/TransformToZVector.uasset" 253
"D:/Documents/HaulAway/ProtoPhase3/HaulAway_0_4_1/Content/Sky/Materials/MF_SkyboxImage.uasset" 254
"D:/Documents/HaulAway/ProtoPhase3/HaulAway_0_4_1/Content/Sky/Textures/T_Moon_D.uasset" 255
"D:/Documents/HaulAway/ProtoPhase3/HaulAway_0_4_1/Content/Sky/Textures/T_Sphere_N.uasset" 256
"D:/Documents/HaulAway/ProtoPhase3/HaulAway_0_4_1/Content/Sky/Materials/M_Sky_New.uasset" 257
"D:/Documents/HaulAway/ProtoPhase3/HaulAway_0_4_1/Content/Sky/Materials/M_Sky_Old.uasset" 258
"D:/Documents/HaulAway/ProtoPhase3/HaulAway_0_4_1/Content/Ocean/Textures/TC_CubemapCapture.uasset" 259
"D:/Documents/HaulAway/ProtoPhase3/HaulAway_0_4_1/Content/Sky/BP_Sky.uasset" 260
"D:/Documents/HaulAway/ProtoPhase3/HaulAway_0_4_1/Content/Sky/Curves/CC_Sky_Cloud_Color2.uasset" 261
"D:/Documents/HaulAway/ProtoPhase3/HaulAway_0_4_1/Content/Sky/Curves/FC_Sun_Azimuth.uasset" 262
"D:/Documents/HaulAway/ProtoPhase3/HaulAway_0_4_1/Content/Sky/Materials/MF_RandomSineWave.uasset" 263
"D:/Documents/HaulAway/ProtoPhase3/HaulAway_0_4_1/Content/Sky/Materials/MPC_SkyParameters.uasset" 264
"D:/Documents/HaulAway/ProtoPhase3/HaulAway_0_4_1/Content/Sky/Textures/T_TilingNoise03.uasset" 265
"D:/Documents/HaulAway/ProtoPhase3/HaulAway_0_4_1/Content/Sky/Materials/M_CloudFunction.uasset" 266
"D:/Documents/HaulAway/ProtoPhase3/HaulAway_0_4_1/Content/Sky/Old/E_DayOfWeek.uasset" 267
"D:/Documents/HaulAway/ProtoPhase3/HaulAway_0_4_1/Content/Sky/Old/E_MonthOfYear.uasset" 268
"D:/Documents/HaulAway/ProtoPhase3/HaulAway_0_4_1/Content/Sky/Textures/T_SmokeSubUV_8X8_02.uasset" 269
"D:/Documents/HaulAway/ProtoPhase3/HaulAway_0_4_1/Content/Sky/Textures/T_TilingClouds_01.uasset" 270
"D:/Documents/HaulAway/ProtoPhase3/HaulAway_0_4_1/Content/Sky/Materials/M_Snow_Blowing_unLit.uasset" 271
"D:/Documents/HaulAway/ProtoPhase3/HaulAway_0_4_1/Content/Sky/ParticleFX/P_BlowClouds.uasset" 272
"D:/Documents/HaulAway/ProtoPhase3/HaulAway_0_4_1/Content/Sky/Materials/M_Snow_Blowing_unLit_LowBias.uasset" 273
"D:/Documents/HaulAway/ProtoPhase3/HaulAway_0_4_1/Content/Sky/ParticleFX/P_BlowGround.uasset" 274
"../../../Engine/Content/Engine_MI_Shaders/T_Cubemap_01.uasset" 275
"D:/Documents/HaulAway/ProtoPhase3/HaulAway_0_4_1/Content/Sky/Textures/T_Caustics05.uasset" 276
"D:/Documents/HaulAway/ProtoPhase3/HaulAway_0_4_1/Content/Sky/Textures/T_raindrop.uasset" 277
"D:/Documents/HaulAway/ProtoPhase3/HaulAway_0_4_1/Content/Sky/Textures/T_raindrop_normal.uasset" 278
"D:/Documents/HaulAway/ProtoPhase3/HaulAway_0_4_1/Content/Sky/Textures/T_TilingNoise06_N.uasset" 279
"D:/Documents/HaulAway/ProtoPhase3/HaulAway_0_4_1/Content/Sky/Materials/M_raindrop.uasset" 280
"D:/Documents/HaulAway/ProtoPhase3/HaulAway_0_4_1/Content/Sky/ParticleFX/P_GPU_particles_collision2.uasset" 281
"D:/Documents/HaulAway/ProtoPhase3/HaulAway_0_4_1/Content/Sky/Textures/T_DropSubUV_A.uasset" 282
"D:/Documents/HaulAway/ProtoPhase3/HaulAway_0_4_1/Content/Sky/Textures/T_DropSubUV_N.uasset" 283
"D:/Documents/HaulAway/ProtoPhase3/HaulAway_0_4_1/Content/Sky/Textures/TC_CubeNearEntrance.uasset" 284
"D:/Documents/HaulAway/ProtoPhase3/HaulAway_0_4_1/Content/Sky/Materials/M_WaterDrop_SubUV.uasset" 285
"D:/Documents/HaulAway/ProtoPhase3/HaulAway_0_4_1/Content/Sky/ParticleFX/P_Rain_Test.uasset" 286
"D:/Documents/HaulAway/ProtoPhase3/HaulAway_0_4_1/Content/Sky/Textures/T_Cloud_Masks.uasset" 287
"D:/Documents/HaulAway/ProtoPhase3/HaulAway_0_4_1/Content/Sky/Textures/T_Moon_Bump.uasset" 288
"D:/Documents/HaulAway/ProtoPhase3/HaulAway_0_4_1/Content/Sky/Textures/T_ScreenDirt01.uasset" 289
"D:/Documents/HaulAway/ProtoPhase3/HaulAway_0_4_1/Content/Mannequin/Animations/ThirdPerson_Jump.uasset" 290
"D:/Documents/HaulAway/ProtoPhase3/HaulAway_0_4_1/Content/Mannequin/Animations/ThirdPersonJump_Loop.uasset" 291
"D:/Documents/HaulAway/ProtoPhase3/HaulAway_0_4_1/Content/Mannequin/Animations/ThirdPersonJump_Start.uasset" 292
"D:/Documents/HaulAway/ProtoPhase3/HaulAway_0_4_1/Content/Mannequin/Animations/ThirdPersonIdle.uasset" 293
"D:/Documents/HaulAway/ProtoPhase3/HaulAway_0_4_1/Content/Mannequin/Animations/ThirdPersonRun.uasset" 294
"D:/Documents/HaulAway/ProtoPhase3/HaulAway_0_4_1/Content/Mannequin/Animations/ThirdPersonWalk.uasset" 295
"D:/Documents/HaulAway/ProtoPhase3/HaulAway_0_4_1/Content/Mannequin/Animations/ThirdPerson_IdleRun_2D.uasset" 296
"D:/Documents/HaulAway/ProtoPhase3/HaulAway_0_4_1/Content/Mannequin/Animations/ThirdPerson_AnimBP.uasset" 297
"D:/Documents/HaulAway/ProtoPhase3/HaulAway_0_4_1/Content/HaulAway/Player/Sunset/BP_Foresail.uasset" 298
"D:/Documents/HaulAway/ProtoPhase3/HaulAway_0_4_1/Content/HaulAway/Player/Sunset/Materials/M_CameraLocker.uasset" 299
"D:/Documents/HaulAway/ProtoPhase3/HaulAway_0_4_1/Content/HaulAway/Player/Sunset/BP_ShipCameraLocker.uasset" 300
"D:/Documents/HaulAway/ProtoPhase3/HaulAway_0_4_1/Content/HaulAway/Player/Sunset/Materials/T_Metal_Steel_D.uasset" 301
"D:/Documents/HaulAway/ProtoPhase3/HaulAway_0_4_1/Content/HaulAway/Player/Sunset/Materials/T_Metal_Steel_N.uasset" 302
"D:/Documents/HaulAway/ProtoPhase3/HaulAway_0_4_1/Content/HaulAway/Player/Sunset/Materials/M_Metal_Steel.uasset" 303
"D:/Documents/HaulAway/ProtoPhase3/HaulAway_0_4_1/Content/HaulAway/Player/Sunset/CannonBall.uasset" 304
"D:/Documents/HaulAway/ProtoPhase3/HaulAway_0_4_1/Content/HaulAway/Player/Sunset/Materials/CanonParticles/maxresdefault.uasset" 305
"D:/Documents/HaulAway/ProtoPhase3/HaulAway_0_4_1/Content/HaulAway/Player/Sunset/Materials/CanonParticles/M_SmokeCanonball.uasset" 306
"D:/Documents/HaulAway/ProtoPhase3/HaulAway_0_4_1/Content/HaulAway/Player/Sunset/PS_CanonballTrail.uasset" 307
"D:/Documents/HaulAway/ProtoPhase3/HaulAway_0_4_1/Content/HaulAway/Player/Sunset/Canonball.uasset" 308
"D:/Documents/HaulAway/ProtoPhase3/HaulAway_0_4_1/Content/HaulAway/Player/Sunset/FC_EffectiveWindForce.uasset" 309
"D:/Documents/HaulAway/ProtoPhase3/HaulAway_0_4_1/Content/HaulAway/Player/Sunset/FC_FadeOut.uasset" 310
"D:/Documents/HaulAway/ProtoPhase3/HaulAway_0_4_1/Content/HaulAway/Player/Sunset/FC_RopeRelax.uasset" 311
"D:/Documents/HaulAway/ProtoPhase3/HaulAway_0_4_1/Content/HaulAway/Player/Sunset/FC_ShiftStrenght.uasset" 312
"D:/Documents/HaulAway/ProtoPhase3/HaulAway_0_4_1/Content/HaulAway/Player/Sunset/FC_VisualWindForce.uasset" 313
"D:/Documents/HaulAway/ProtoPhase3/HaulAway_0_4_1/Content/HaulAway/Player/Sunset/FC_WindAndShipDirectionDifference.uasset" 314
"D:/Documents/HaulAway/ProtoPhase3/HaulAway_0_4_1/Content/HaulAway/Player/Sunset/Struc_ModuleToolbarWidget.uasset" 315
"D:/Documents/HaulAway/ProtoPhase3/HaulAway_0_4_1/Content/HaulAway/Player/Sunset/Materials/M_Compass.uasset" 316
"D:/Documents/HaulAway/ProtoPhase3/HaulAway_0_4_1/Content/HaulAway/Player/Sunset/Materials/T_CompassPaper.uasset" 317
"D:/Documents/HaulAway/ProtoPhase3/HaulAway_0_4_1/Content/HaulAway/Player/Sunset/Materials/M_CompassPaper.uasset" 318
"D:/Documents/HaulAway/ProtoPhase3/HaulAway_0_4_1/Content/HaulAway/Player/Sunset/Materials/T_FlagDetailed.uasset" 319
"D:/Documents/HaulAway/ProtoPhase3/HaulAway_0_4_1/Content/HaulAway/Player/Sunset/Materials/T_FlagOndulation.uasset" 320
"D:/Documents/HaulAway/ProtoPhase3/HaulAway_0_4_1/Content/HaulAway/Player/Sunset/Materials/M_FlagDetailed.uasset" 321
"D:/Documents/HaulAway/ProtoPhase3/HaulAway_0_4_1/Content/HaulAway/Player/Sunset/Materials/T_SailOndulation.uasset" 322
"D:/Documents/HaulAway/ProtoPhase3/HaulAway_0_4_1/Content/HaulAway/Player/Sunset/Materials/M_SailDetailed.uasset" 323
"D:/Documents/HaulAway/ProtoPhase3/HaulAway_0_4_1/Content/HaulAway/Player/Sunset/Materials/M_Wood.uasset" 324
"D:/Documents/HaulAway/ProtoPhase3/HaulAway_0_4_1/Content/HaulAway/UserInterface/Images/T_Wheel.uasset" 325
"D:/Documents/HaulAway/ProtoPhase3/HaulAway_0_4_1/Content/HaulAway/UserInterface/Images/T_WheelPointer.uasset" 326
"D:/Documents/HaulAway/ProtoPhase3/HaulAway_0_4_1/Content/HaulAway/UserInterface/W_ModuleReminder.uasset" 327
"D:/Documents/HaulAway/ProtoPhase3/HaulAway_0_4_1/Content/HaulAway/UserInterface/M_ModuleWheel.uasset" 328
"D:/Documents/HaulAway/ProtoPhase3/HaulAway_0_4_1/Content/HaulAway/UserInterface/W_ModuleWheelSlice.uasset" 329
"D:/Documents/HaulAway/ProtoPhase3/HaulAway_0_4_1/Content/HaulAway/UserInterface/W_ShipModuleWheel.uasset" 330
"../../../Engine/Content/EngineMaterials/OrientParticle.uasset" 331
"D:/Documents/HaulAway/ProtoPhase3/HaulAway_0_4_1/Content/HaulAway/Decor/T_LoadVX.uasset" 332
"D:/Documents/HaulAway/ProtoPhase3/HaulAway_0_4_1/Content/HaulAway/Decor/M_WindParticle.uasset" 333
"D:/Documents/HaulAway/ProtoPhase3/HaulAway_0_4_1/Content/HaulAway/Decor/Blueprints/PS_Wind.uasset" 334
"D:/Documents/HaulAway/ProtoPhase3/HaulAway_0_4_1/Content/HaulAway/Player/Sunset/Meshes/SM_Compass.uasset" 335
"D:/Documents/HaulAway/ProtoPhase3/HaulAway_0_4_1/Content/HaulAway/Player/Sunset/Meshes/SM_CompassPaper.uasset" 336
"D:/Documents/HaulAway/ProtoPhase3/HaulAway_0_4_1/Content/HaulAway/Player/Sunset/Meshes/SM_FlagUV.uasset" 337
"D:/Documents/HaulAway/ProtoPhase3/HaulAway_0_4_1/Content/HaulAway/Player/Sunset/Meshes/SM_Rudder.uasset" 338
"D:/Documents/HaulAway/ProtoPhase3/HaulAway_0_4_1/Content/HaulAway/Player/Sunset/Meshes/SunsetLarge/SM_ForesailFlat.uasset" 339
"D:/Documents/HaulAway/ProtoPhase3/HaulAway_0_4_1/Content/HaulAway/Player/Sunset/Meshes/SunsetLarge/SM_MainsailFlat.uasset" 340
"D:/Documents/HaulAway/ProtoPhase3/HaulAway_0_4_1/Content/HaulAway/Player/Sunset/Meshes/SunsetLarge/SM_SunSetLarge_SM_bowsprit.uasset" 341
"D:/Documents/HaulAway/ProtoPhase3/HaulAway_0_4_1/Content/HaulAway/Player/Sunset/Meshes/SunsetLarge/SM_SunSetLarge_SM_hull.uasset" 342
"D:/Documents/HaulAway/ProtoPhase3/HaulAway_0_4_1/Content/HaulAway/Player/Sunset/Meshes/SunsetLarge/SM_SunSetLarge_SM_mast.uasset" 343
"D:/Documents/HaulAway/ProtoPhase3/HaulAway_0_4_1/Content/HaulAway/Player/Sunset/Meshes/SunsetLarge/SM_SunSetLarge_SM_yardDown.uasset" 344
"D:/Documents/HaulAway/ProtoPhase3/HaulAway_0_4_1/Content/HaulAway/Player/Sunset/Meshes/SunsetLarge/SM_SunSetLarge_SM_YardUp.uasset" 345
"D:/Documents/HaulAway/ProtoPhase3/HaulAway_0_4_1/Content/HaulAway/Player/Sunset/Meshes/UCX_Sunset.uasset" 346
"D:/Documents/HaulAway/ProtoPhase3/HaulAway_0_4_1/Content/HaulAway/Sounds/Fire_Canon.uasset" 347
"D:/Documents/HaulAway/ProtoPhase3/HaulAway_0_4_1/Content/HaulAway/Sounds/FlappingSail.uasset" 348
"D:/Documents/HaulAway/ProtoPhase3/HaulAway_0_4_1/Content/HaulAway/Sounds/HoistSail.uasset" 349
"D:/Documents/HaulAway/ProtoPhase3/HaulAway_0_4_1/Content/HaulAway/UserInterface/Images/T_ForesailHoist.uasset" 350
"D:/Documents/HaulAway/ProtoPhase3/HaulAway_0_4_1/Content/HaulAway/UserInterface/Images/T_ForesailLeft.uasset" 351
"D:/Documents/HaulAway/ProtoPhase3/HaulAway_0_4_1/Content/HaulAway/UserInterface/Images/T_ForesailRight.uasset" 352
"D:/Documents/HaulAway/ProtoPhase3/HaulAway_0_4_1/Content/HaulAway/UserInterface/Images/T_HoistFlipbook.uasset" 353
"D:/Documents/HaulAway/ProtoPhase3/HaulAway_0_4_1/Content/HaulAway/UserInterface/Images/T_SheetFlipbook2.uasset" 354
"../../../Engine/Content/Functions/MaterialLayerFunctions/MatLayerBlend_NormalBlend.uasset" 355
"../../../Engine/Content/Functions/MaterialLayerFunctions/MatLayerBlend_Simple.uasset" 356
"D:/Documents/HaulAway/ProtoPhase3/HaulAway_0_4_1/Content/Mannequin/Character/Materials/MaterialLayers/T_ML_Rubber_Blue_01_D.uasset" 357
"D:/Documents/HaulAway/ProtoPhase3/HaulAway_0_4_1/Content/Mannequin/Character/Materials/MaterialLayers/T_ML_Rubber_Blue_01_N.uasset" 358
"D:/Documents/HaulAway/ProtoPhase3/HaulAway_0_4_1/Content/Mannequin/Character/Materials/MaterialLayers/ML_GlossyBlack_Latex_UE4.uasset" 359
"D:/Documents/HaulAway/ProtoPhase3/HaulAway_0_4_1/Content/Mannequin/Character/Materials/MaterialLayers/ML_Plastic_Shiny_Beige.uasset" 360
"D:/Documents/HaulAway/ProtoPhase3/HaulAway_0_4_1/Content/Mannequin/Character/Textures/UE4_LOGO_CARD.uasset" 361
"D:/Documents/HaulAway/ProtoPhase3/HaulAway_0_4_1/Content/Mannequin/Character/Materials/MaterialLayers/ML_Plastic_Shiny_Beige_LOGO.uasset" 362
"D:/Documents/HaulAway/ProtoPhase3/HaulAway_0_4_1/Content/Mannequin/Character/Materials/MaterialLayers/T_ML_Aluminum01.uasset" 363
"D:/Documents/HaulAway/ProtoPhase3/HaulAway_0_4_1/Content/Mannequin/Character/Materials/MaterialLayers/T_ML_Aluminum01_N.uasset" 364
"D:/Documents/HaulAway/ProtoPhase3/HaulAway_0_4_1/Content/Mannequin/Character/Materials/MaterialLayers/ML_SoftMetal_UE4.uasset" 365
"D:/Documents/HaulAway/ProtoPhase3/HaulAway_0_4_1/Content/Mannequin/Character/Textures/UE4_Mannequin__normals.uasset" 366
"D:/Documents/HaulAway/ProtoPhase3/HaulAway_0_4_1/Content/Mannequin/Character/Textures/UE4_Mannequin_MAT_MASKA.uasset" 367
"D:/Documents/HaulAway/ProtoPhase3/HaulAway_0_4_1/Content/Mannequin/Character/Materials/M_UE4Man_Body.uasset" 368
"D:/Documents/HaulAway/ProtoPhase3/HaulAway_0_4_1/Content/Mannequin/Character/Textures/UE4Man_Logo_N.uasset" 369
"D:/Documents/HaulAway/ProtoPhase3/HaulAway_0_4_1/Content/Mannequin/Character/Materials/M_UE4Man_ChestLogo.uasset" 370
"D:/Documents/HaulAway/ProtoPhase3/HaulAway_0_4_1/Content/Mannequin/Character/Mesh/SK_Mannequin_PhysicsAsset.uasset" 371
"D:/Documents/HaulAway/ProtoPhase3/HaulAway_0_4_1/Content/Mannequin/Character/Mesh/SK_Mannequin.uasset" 372
"D:/Documents/HaulAway/ProtoPhase3/HaulAway_0_4_1/Content/HaulAway/Player/Sunset/BP_Ship.uasset" 373
"D:/Documents/HaulAway/ProtoPhase3/HaulAway_0_4_1/Content/ThirdPersonBP/Blueprints/ThirdPersonCharacter.uasset" 374
"D:/Documents/HaulAway/ProtoPhase3/HaulAway_0_4_1/Content/ThirdPersonBP/Blueprints/ThirdPersonGameMode.uasset" 375
"../../../Engine/Content/ArtTools/RenderToTexture/Meshes/S_1_Unit_Plane.uasset" 376
"../../../Engine/Content/BasicShapes/Cone.uasset" 377
"../../../Engine/Content/BasicShapes/Cylinder.uasset" 378
"../../../Engine/Content/BasicShapes/Plane.uasset" 379
"../../../Engine/Content/EditorLandscapeResources/DataLayer.uasset" 380
"../../../Engine/Content/EditorMaterials/GizmoMaterial.uasset" 381
"../../../Engine/Content/EditorMaterials/MAT_Groups_Toggle.uasset" 382
"../../../Engine/Content/EditorMaterials/MAT_Groups_Visibility.uasset" 383
"../../../Engine/Content/EditorMaterials/PreviewShadowIndicator.uasset" 384
"../../../Engine/Content/EditorMaterials/PreviewShadowIndicatorMaterial.uasset" 385
"../../../Engine/Content/EditorMaterials/MatineeGroups/MAT_ColorTrack.uasset" 386
"../../../Engine/Content/EditorMaterials/MatineeGroups/MAT_Groups_Anim.uasset" 387
"../../../Engine/Content/EditorMaterials/MatineeGroups/MAT_Groups_AudioMaster.uasset" 388
"../../../Engine/Content/EditorMaterials/MatineeGroups/MAT_Groups_Director.uasset" 389
"../../../Engine/Content/EditorMaterials/MatineeGroups/MAT_Groups_Event.uasset" 390
"../../../Engine/Content/EditorMaterials/MatineeGroups/MAT_Groups_Fade.uasset" 391
"../../../Engine/Content/EditorMaterials/MatineeGroups/MAT_Groups_Float.uasset" 392
"../../../Engine/Content/EditorMaterials/MatineeGroups/MAT_Groups_Move.uasset" 393
"../../../Engine/Content/EditorMaterials/MatineeGroups/MAT_Groups_Slomo.uasset" 394
"../../../Engine/Content/EditorMaterials/MatineeGroups/MAT_Groups_Sound.uasset" 395
"../../../Engine/Content/EditorMaterials/MatineeGroups/MAT_Groups_Vector.uasset" 396
"../../../Engine/Content/EditorMaterials/ParticleSystems/PSysThumbnail_NoImage.uasset" 397
"../../../Engine/Content/EditorMaterials/ParticleSystems/PSysThumbnail_OOD.uasset" 398
"../../../Engine/Content/EditorMaterials/Camera/CineMat.uasset" 399
"../../../Engine/Content/EditorMaterials/Camera/MI_CineMat_Rig.uasset" 400
"../../../Engine/Content/EditorMeshes/Camera/SM_CraneRig_Arm.uasset" 401
"../../../Engine/Content/EditorMeshes/Camera/SM_CraneRig_Base.uasset" 402
"../../../Engine/Content/EditorMeshes/Camera/SM_CraneRig_Body.uasset" 403
"../../../Engine/Content/EditorMeshes/Camera/SM_CraneRig_Mount.uasset" 404
"../../../Engine/Content/EditorMeshes/Camera/SM_RailRig_Mount.uasset" 405
"../../../Engine/Content/EditorMeshes/Camera/SM_RailRig_Track.uasset" 406
"../../../Engine/Content/EditorResources/BSPVertex.uasset" 407
"../../../Engine/Content/EditorResources/S_Actor.uasset" 408
"../../../Engine/Content/EditorResources/S_Trigger.uasset" 409
"../../../Engine/Content/EditorResources/AudioIcons/S_AudioComponent_AutoActivate.uasset" 410
"../../../Engine/Content/EditorResources/LightIcons/S_LightError.uasset" 411
"../../../Engine/Content/EditorResources/SequenceRecorder/Countdown.uasset" 412
"../../../Engine/Content/EditorResources/SequenceRecorder/RecordingIndicator.uasset" 413
"../../../Engine/Content/EditorSounds/Notifications/CompileFailed.uasset" 414
"../../../Engine/Content/EditorSounds/Notifications/CompileFailed_Cue.uasset" 415
"../../../Engine/Content/EditorSounds/Notifications/CompileSuccess.uasset" 416
"../../../Engine/Content/EditorSounds/Notifications/CompileStart_Cue.uasset" 417
"../../../Engine/Content/EditorSounds/Notifications/CompileSuccess_Cue.uasset" 418
"../../../Engine/Content/EngineDamageTypes/DmgTypeBP_Environmental.uasset" 419
"../../../Engine/Content/EngineDebugMaterials/BoneWeightMaterial.uasset" 420
"../../../Engine/Content/EngineDebugMaterials/ClothMaterial.uasset" 421
"../../../Engine/Content/EngineDebugMaterials/ClothMaterial_WF.uasset" 422
"../../../Engine/Content/EngineDebugMaterials/DebugEditorMaterial.uasset" 423
"../../../Engine/Content/EngineDebugMaterials/DebugMeshMaterial.uasset" 424
"../../../Engine/Content/EngineDebugMaterials/GeomMaterial.uasset" 425
"../../../Engine/Content/EngineDebugMaterials/M_SimpleTranslucent.uasset" 426
"../../../Engine/Content/EngineFonts/Faces/RobotoBold.uasset" 427
"../../../Engine/Content/EngineFonts/Faces/RobotoBoldItalic.uasset" 428
"../../../Engine/Content/EngineFonts/Faces/RobotoItalic.uasset" 429
"../../../Engine/Content/EngineFonts/Faces/RobotoLight.uasset" 430
"../../../Engine/Content/EngineFonts/Faces/RobotoRegular.uasset" 431
"../../../Engine/Content/EngineFonts/Roboto.uasset" 432
"../../../Engine/Content/EngineFonts/Faces/RobotoTiny.uasset" 433
"../../../Engine/Content/EngineFonts/RobotoTiny.uasset" 434
"../../../Engine/Content/EngineMaterials/BaseFlattenDiffuseMap.uasset" 435
"../../../Engine/Content/EngineMaterials/BaseFlattenEmissiveMap.uasset" 436
"../../../Engine/Content/EngineMaterials/BaseFlattenGrayscaleMap.uasset" 437
"../../../Engine/Content/EngineMaterials/BaseFlattenNormalMap.uasset" 438
"../../../Engine/Content/EngineMaterials/BaseFlattenMaterial.uasset" 439
"../../../Engine/Content/EngineMaterials/DefaultBloomKernel.uasset" 440
"../../../Engine/Content/EngineMaterials/DefaultDiffuse.uasset" 441
"../../../Engine/Content/EngineMaterials/DefaultDeferredDecalMaterial.uasset" 442
"../../../Engine/Content/EngineMaterials/DefaultLightFunctionMaterial.uasset" 443
"../../../Engine/Content/EngineMaterials/DefaultPhysicalMaterial.uasset" 444
"../../../Engine/Content/EngineMaterials/DefaultPostProcessMaterial.uasset" 445
"../../../Engine/Content/EngineFonts/RobotoDistanceField.uasset" 446
"../../../Engine/Content/EngineMaterials/DefaultTextMaterialOpaque.uasset" 447
"../../../Engine/Content/EngineMaterials/DefaultWhiteGrid.uasset" 448
"../../../Engine/Content/EngineMaterials/EditorBrushMaterial.uasset" 449
"../../../Engine/Content/EngineMaterials/Good64x64TilingNoiseHighFreq.uasset" 450
"../../../Engine/Content/EngineMaterials/MiniFont.uasset" 451
"../../../Engine/Content/EngineMaterials/InvalidLightmapSettings.uasset" 452
"../../../Engine/Content/EngineMaterials/M_InvalidLightmapSettings.uasset" 453
"../../../Engine/Content/Functions/Engine_MaterialFunctions02/WorldPositionOffset/CameraOffset.uasset" 454
"../../../Engine/Content/EngineMaterials/PhAT_JointLimitMaterial.uasset" 455
"../../../Engine/Content/EngineMaterials/PreintegratedSkinBRDF.uasset" 456
"../../../Engine/Content/EngineMaterials/RemoveSurfaceMaterial.uasset" 457
"../../../Engine/Content/EngineMaterials/WeightMapPlaceholderTexture.uasset" 458
"../../../Engine/Content/EngineResources/WhiteSquareTexture.uasset" 459
"../../../Engine/Content/EngineMaterials/Widget3DPassThrough.uasset" 460
"../../../Engine/Content/EngineMaterials/Widget3DPassThrough_Masked.uasset" 461
"../../../Engine/Content/EngineMaterials/Widget3DPassThrough_Opaque.uasset" 462
"../../../Engine/Content/EngineMaterials/Widget3DPassThrough_Masked_OneSided.uasset" 463
"../../../Engine/Content/EngineMaterials/Widget3DPassThrough_Opaque_OneSided.uasset" 464
"../../../Engine/Content/EngineMaterials/Widget3DPassThrough_Translucent.uasset" 465
"../../../Engine/Content/EngineMaterials/Widget3DPassThrough_Translucent_OneSided.uasset" 466
"../../../Engine/Content/EngineMeshes/Sphere.uasset" 467
"../../../Engine/Content/EngineResources/Black.uasset" 468
"../../../Engine/Content/EngineResources/DefaultTexture.uasset" 469
"../../../Engine/Content/EngineResources/DefaultTextureCube.uasset" 470
"../../../Engine/Content/EngineResources/DefaultVolumeTexture2D.uasset" 471
"../../../Engine/Content/EngineResources/DefaultVolumeTexture.uasset" 472
"../../../Engine/Content/EngineResources/GradientTexture0.uasset" 473
"../../../Engine/Content/EngineSounds/Master.uasset" 474
"../../../Engine/Content/Functions/Engine_MaterialFunctions01/Shading/ConvertFromDiffSpec.uasset" 475
"../../../Engine/Content/Functions/Engine_MaterialFunctions01/Shading/PowerToRoughness.uasset" 476
"../../../Engine/Content/Maps/Templates/Thumbnails/Default.uasset" 477
"../../../Engine/Content/Maps/Templates/Thumbnails/VR-Basic.uasset" 478
"../../../Engine/Content/MobileResources/T_MobileControls_texture.uasset" 479
"../../../Engine/Content/MobileResources/T_MobileMenu2.uasset" 480
"../../../Engine/Content/MobileResources/HUD/AnalogHat.uasset" 481
"../../../Engine/Content/MobileResources/HUD/VirtualJoystick_Background.uasset" 482
"../../../Engine/Content/MobileResources/HUD/VirtualJoystick_Thumb.uasset" 483
"../../../Engine/Content/MobileResources/HUD/DefaultVirtualJoysticks.uasset" 484
"../../../Engine/Content/MobileResources/HUD/LeftVirtualJoystickOnly.uasset" 485
"../../../Engine/Content/MobileResources/HUD/MobileHUDButton1_off.uasset" 486
"../../../Engine/Content/MobileResources/HUD/MobileHUDButton1_on.uasset" 487
"../../../Engine/Content/MobileResources/HUD/MobileHUDButton2_off.uasset" 488
"../../../Engine/Content/MobileResources/HUD/MobileHUDButton2_on.uasset" 489
"../../../Engine/Content/MobileResources/HUD/MobileHUDButton3.uasset" 490
"../../../Engine/Content/MobileResources/HUD/MobileHUDButtonFire.uasset" 491
"../../../Engine/Content/MobileResources/HUD/MobileHUDDirectionPad.uasset" 492
"../../../Engine/Content/MobileResources/HUD/MobileHUDDirectionPad2.uasset" 493
"../../../Engine/Content/MobileResources/HUD/MobileHUDDirectionPad3.uasset" 494
"../../../Engine/Content/MobileResources/HUD/MobileHUDDirectionStick.uasset" 495
"../../../Engine/Content/MobileResources/HUD/T_Castle_ThumbstickInner.uasset" 496
"../../../Engine/Content/MobileResources/HUD/T_Castle_ThumbstickOutter.uasset" 497
"../../../Engine/Content/Tutorial/ContentIntroCurve.uasset" 498
"../../../Engine/Content/Tutorial/Basics/TutorialAssets/icon_tab_Levels_40x.uasset" 499
"../../../Engine/Content/Tutorial/BlueprintTutorials/TutorialAssets/Blueprint_64x.uasset" 500
"../../../Engine/Content/VREditor/LaserPointer/VR_LaserPower_01.uasset" 501
"../../../Engine/Content/VREditor/TransformGizmo/TransformGizmoMaterial.uasset" 502
"../../../Engine/Content/VREditor/TransformGizmo/TranslucentTransformGizmoMaterial.uasset" 503
"../../../Engine/Content/VREditor/TransformGizmo/BoundingBoxCorner.uasset" 504
"../../../Engine/Content/VREditor/TransformGizmo/BoundingBoxEdge.uasset" 505
"../../../Engine/Content/VREditor/TransformGizmo/PlaneTranslationHandle.uasset" 506
"../../../Engine/Content/VREditor/TransformGizmo/Main.uasset" 507
"../../../Engine/Content/VREditor/TransformGizmo/Xray.uasset" 508
"../../../Engine/Content/VREditor/TransformGizmo/SM_Sequencer_Key.uasset" 509
"../../../Engine/Content/VREditor/TransformGizmo/SM_Sequencer_Node.uasset" 510
"../../Plugins/2D/Paper2D/Content/PlaceholderTextures/DummySpriteTexture.uasset" 511
"../../Plugins/2D/Paper2D/Content/DummySprite.uasset" 512
"../../Plugins/2D/Paper2D/Content/DefaultPaperTerrainMaterial.uasset" 513
"../../Plugins/2D/Paper2D/Content/DefaultSpriteMaterial.uasset" 514
"../../Plugins/2D/Paper2D/Content/MaskedUnlitSpriteMaterial.uasset" 515
"../../Plugins/2D/Paper2D/Content/OpaqueUnlitSpriteMaterial.uasset" 516
"../../Plugins/Runtime/Oculus/OculusVR/Content/Materials/PokeAHoleMaterial.uasset" 517
"../../Plugins/Runtime/Oculus/OculusVR/Content/Textures/GearVRController_AO.uasset" 518
"../../Plugins/Runtime/Oculus/OculusVR/Content/Textures/GearVRController_Color.uasset" 519
"../../Plugins/Runtime/Oculus/OculusVR/Content/Textures/GearVRController_Normal.uasset" 520
"../../Plugins/Runtime/Oculus/OculusVR/Content/Materials/GearVRControllerMaterial.uasset" 521
"../../Plugins/Runtime/Oculus/OculusVR/Content/Meshes/GearVrController.uasset" 522
"../../Plugins/Runtime/Oculus/OculusVR/Content/Textures/touchController_albedo.uasset" 523
"../../Plugins/Runtime/Oculus/OculusVR/Content/Textures/touchController_controlmap.uasset" 524
"../../Plugins/Runtime/Oculus/OculusVR/Content/Materials/touchController_mat.uasset" 525
"../../Plugins/Runtime/Oculus/OculusVR/Content/Meshes/LeftTouchController.uasset" 526
"../../Plugins/Runtime/Oculus/OculusVR/Content/Meshes/RiftHMD.uasset" 527
"../../Plugins/Runtime/Oculus/OculusVR/Content/Meshes/RightTouchController.uasset" 528
"D:/Documents/HaulAway/ProtoPhase3/HaulAway_0_4_1/Content/Maps/BackupGameMap_BuiltData.uasset" 529
"D:/Documents/HaulAway/ProtoPhase3/HaulAway_0_4_1/Content/Ocean/Materials/M_Underwater_PP_Inst2.uasset" 530
"../../../Engine/Content/EngineMaterials/DefaultBokeh.uasset" 531
"../../../Engine/Content/MapTemplates/lut/LUT_Morning.uasset" 532
"../../../Engine/Content/MapTemplates/T_ScreenDirt02_w.uasset" 533
"D:/Documents/HaulAway/ProtoPhase3/HaulAway_0_4_1/Content/HaulAway/Decor/T_HeightmapTerrain.uasset" 534
"D:/Documents/HaulAway/ProtoPhase3/HaulAway_0_4_1/Content/HaulAway/Sounds/SoundAmbianceLoop.uasset" 535
"D:/Documents/HaulAway/ProtoPhase3/HaulAway_0_4_1/Content/Ocean/Textures/T_Glacier_Cap_N.uasset" 536
"D:/Documents/HaulAway/ProtoPhase3/HaulAway_0_4_1/Content/Maps/BackupGameMap.umap" 537
"D:/Documents/HaulAway/ProtoPhase3/HaulAway_0_4_1/Content/HaulAway/Player/BP_PlayerController.uasset" 538
"D:/Documents/HaulAway/ProtoPhase3/HaulAway_0_4_1/Content/HaulAway/Player/BP_GameMode.uasset" 539
"D:/Documents/HaulAway/ProtoPhase3/HaulAway_0_4_1/Content/Maps/GameMap_BuiltData.uasset" 540
"D:/Documents/HaulAway/ProtoPhase3/HaulAway_0_4_1/Content/Maps/GameMap.umap" 541
"D:/Documents/HaulAway/ProtoPhase3/HaulAway_0_4_1/Content/Maps/GameMap_backup_0_BuiltData.uasset" 542
"D:/Documents/HaulAway/ProtoPhase3/HaulAway_0_4_1/Content/Maps/GameMap_backup_0.umap" 543
"D:/Documents/HaulAway/ProtoPhase3/HaulAway_0_4_1/Content/Maps/LevelEmpty_BuiltData.uasset" 544
"../../../Engine/Content/MapTemplates/SM_Template_Map_Floor.uasset" 545
"D:/Documents/HaulAway/ProtoPhase3/HaulAway_0_4_1/Content/Maps/LevelEmpty.umap" 546
"D:/Documents/HaulAway/ProtoPhase3/HaulAway_0_4_1/Content/ThirdPersonBP/Maps/ThirdPersonExampleMap_BuiltData.uasset" 547
"D:/Documents/HaulAway/ProtoPhase3/HaulAway_0_4_1/Content/ThirdPerson/Meshes/RampMaterial.uasset" 548
"D:/Documents/HaulAway/ProtoPhase3/HaulAway_0_4_1/Content/ThirdPerson/Meshes/Bump_StaticMesh.uasset" 549
"D:/Documents/HaulAway/ProtoPhase3/HaulAway_0_4_1/Content/ThirdPerson/Meshes/LeftArm_StaticMesh.uasset" 550
"D:/Documents/HaulAway/ProtoPhase3/HaulAway_0_4_1/Content/ThirdPerson/Meshes/Linear_Stair_StaticMesh.uasset" 551
"D:/Documents/HaulAway/ProtoPhase3/HaulAway_0_4_1/Content/ThirdPerson/Meshes/Ramp_StaticMesh.uasset" 552
"D:/Documents/HaulAway/ProtoPhase3/HaulAway_0_4_1/Content/ThirdPerson/Meshes/RightArm_StaticMesh.uasset" 553
"D:/Documents/HaulAway/ProtoPhase3/HaulAway_0_4_1/Content/ThirdPersonBP/Maps/ThirdPersonExampleMap.umap" 554
"../../../Engine/Content/Maps/Entry_BuiltData.uasset" 555
"../../../Engine/Content/Maps/Entry.umap" 556
